<?xml version="1.0" encoding="UTF-8"?>
<!-- Generated by org.testng.reporters.JUnitXMLReporter -->
<testsuite ignored="0" hostname="LAPTOP-T9COJK2G" failures="0" tests="4" name="AllTests" time="8.226" errors="0" timestamp="2025-04-19T17:43:15 IST">
  <testcase classname="swaglab.SauceDemoTest" name="loginWithValidCredentials" time="2.276"/>
  <testcase classname="swaglab.SauceDemoTest" name="filterProductsLowToHigh" time="0.222"/>
  <testcase classname="swaglab.SauceDemoTest" name="addProductToCart" time="0.278"/>
  <testcase classname="swaglab.SauceDemoTest" name="completeCheckout" time="1.591"/>
</testsuite> <!-- AllTests -->
