<?xml version="1.0" encoding="UTF-8"?>
<!-- Generated by org.testng.reporters.JUnitXMLReporter -->
<testsuite ignored="0" hostname="LAPTOP-T9COJK2G" failures="0" tests="4" name="AllTests" time="10.125" errors="0" timestamp="2025-04-19T17:23:35 IST">
  <testcase classname="swaglab.SauceDemoTest" name="loginWithValidCredentials" time="1.777"/>
  <testcase classname="swaglab.SauceDemoTest" name="filterProductsLowToHigh" time="0.163"/>
  <testcase classname="swaglab.SauceDemoTest" name="addProductToCart" time="0.172"/>
  <testcase classname="swaglab.SauceDemoTest" name="completeCheckout" time="1.611"/>
</testsuite> <!-- AllTests -->
