<?xml version="1.0" encoding="UTF-8"?>
<testng-results ignored="0" total="4" passed="4" failed="0" skipped="0">
  <reporter-output>
  </reporter-output>
  <suite started-at="2025-04-19T17:43:07 IST" name="SauceDemoSuite" finished-at="2025-04-19T17:43:15 IST" duration-ms="8226">
    <groups>
    </groups>
    <test started-at="2025-04-19T17:43:07 IST" name="AllTests" finished-at="2025-04-19T17:43:15 IST" duration-ms="8226">
      <class name="swaglab.SauceDemoTest">
        <test-method is-config="true" signature="setup()[pri:0, instance:swaglab.SauceDemoTest@25ce9dc4]" started-at="2025-04-19T17:43:07 IST" name="setup" finished-at="2025-04-19T17:43:10 IST" duration-ms="3465" status="PASS">
          <reporter-output>
          </reporter-output>
        </test-method> <!-- setup -->
        <test-method signature="loginWithValidCredentials()[pri:1, instance:swaglab.SauceDemoTest@25ce9dc4]" started-at="2025-04-19T17:43:10 IST" name="loginWithValidCredentials" finished-at="2025-04-19T17:43:13 IST" duration-ms="2276" status="PASS">
          <reporter-output>
          </reporter-output>
        </test-method> <!-- loginWithValidCredentials -->
        <test-method signature="filterProductsLowToHigh()[pri:2, instance:swaglab.SauceDemoTest@25ce9dc4]" started-at="2025-04-19T17:43:13 IST" name="filterProductsLowToHigh" finished-at="2025-04-19T17:43:13 IST" duration-ms="222" status="PASS">
          <reporter-output>
          </reporter-output>
        </test-method> <!-- filterProductsLowToHigh -->
        <test-method signature="addProductToCart()[pri:3, instance:swaglab.SauceDemoTest@25ce9dc4]" started-at="2025-04-19T17:43:13 IST" name="addProductToCart" finished-at="2025-04-19T17:43:13 IST" duration-ms="278" status="PASS">
          <reporter-output>
          </reporter-output>
        </test-method> <!-- addProductToCart -->
        <test-method signature="completeCheckout()[pri:4, instance:swaglab.SauceDemoTest@25ce9dc4]" started-at="2025-04-19T17:43:13 IST" name="completeCheckout" finished-at="2025-04-19T17:43:15 IST" duration-ms="1591" status="PASS">
          <reporter-output>
          </reporter-output>
        </test-method> <!-- completeCheckout -->
        <test-method is-config="true" signature="tearDown()[pri:0, instance:swaglab.SauceDemoTest@25ce9dc4]" started-at="2025-04-19T17:43:15 IST" name="tearDown" finished-at="2025-04-19T17:43:15 IST" duration-ms="240" status="PASS">
          <reporter-output>
          </reporter-output>
        </test-method> <!-- tearDown -->
      </class> <!-- swaglab.SauceDemoTest -->
    </test> <!-- AllTests -->
  </suite> <!-- SauceDemoSuite -->
</testng-results>
